Determining if the pthread_create exist failed with the following output:
Change Dir: /home/pi/catkin_ws/build/CMakeFiles/CMakeTmp

Run Build Command:"/usr/bin/make" "cmTC_3e30e/fast"
/usr/bin/make -f CMakeFiles/cmTC_3e30e.dir/build.make CMakeFiles/cmTC_3e30e.dir/build
make[1]: Entering directory '/home/pi/catkin_ws/build/CMakeFiles/CMakeTmp'
Building C object CMakeFiles/cmTC_3e30e.dir/CheckSymbolExists.c.o
/usr/bin/cc     -o CMakeFiles/cmTC_3e30e.dir/CheckSymbolExists.c.o   -c /home/pi/catkin_ws/build/CMakeFiles/CMakeTmp/CheckSymbolExists.c
Linking C executable cmTC_3e30e
/usr/bin/cmake -E cmake_link_script CMakeFiles/cmTC_3e30e.dir/link.txt --verbose=1
/usr/bin/cc       CMakeFiles/cmTC_3e30e.dir/CheckSymbolExists.c.o  -o cmTC_3e30e -rdynamic 
CMakeFiles/cmTC_3e30e.dir/CheckSymbolExists.c.o: In function `main':
CheckSymbolExists.c:(.text+0x38): undefined reference to `pthread_create'
collect2: error: ld returned 1 exit status
CMakeFiles/cmTC_3e30e.dir/build.make:97: recipe for target 'cmTC_3e30e' failed
make[1]: *** [cmTC_3e30e] Error 1
make[1]: Leaving directory '/home/pi/catkin_ws/build/CMakeFiles/CMakeTmp'
Makefile:126: recipe for target 'cmTC_3e30e/fast' failed
make: *** [cmTC_3e30e/fast] Error 2

File /home/pi/catkin_ws/build/CMakeFiles/CMakeTmp/CheckSymbolExists.c:
/* */
#include <pthread.h>

int main(int argc, char** argv)
{
  (void)argv;
#ifndef pthread_create
  return ((int*)(&pthread_create))[argc];
#else
  (void)argc;
  return 0;
#endif
}

Determining if the function pthread_create exists in the pthreads failed with the following output:
Change Dir: /home/pi/catkin_ws/build/CMakeFiles/CMakeTmp

Run Build Command:"/usr/bin/make" "cmTC_fab63/fast"
/usr/bin/make -f CMakeFiles/cmTC_fab63.dir/build.make CMakeFiles/cmTC_fab63.dir/build
make[1]: Entering directory '/home/pi/catkin_ws/build/CMakeFiles/CMakeTmp'
Building C object CMakeFiles/cmTC_fab63.dir/CheckFunctionExists.c.o
/usr/bin/cc    -DCHECK_FUNCTION_EXISTS=pthread_create   -o CMakeFiles/cmTC_fab63.dir/CheckFunctionExists.c.o   -c /usr/share/cmake-3.7/Modules/CheckFunctionExists.c
Linking C executable cmTC_fab63
/usr/bin/cmake -E cmake_link_script CMakeFiles/cmTC_fab63.dir/link.txt --verbose=1
/usr/bin/cc   -DCHECK_FUNCTION_EXISTS=pthread_create    CMakeFiles/cmTC_fab63.dir/CheckFunctionExists.c.o  -o cmTC_fab63 -rdynamic -lpthreads 
/usr/bin/ld: cannot find -lpthreads
collect2: error: ld returned 1 exit status
CMakeFiles/cmTC_fab63.dir/build.make:97: recipe for target 'cmTC_fab63' failed
make[1]: *** [cmTC_fab63] Error 1
make[1]: Leaving directory '/home/pi/catkin_ws/build/CMakeFiles/CMakeTmp'
Makefile:126: recipe for target 'cmTC_fab63/fast' failed
make: *** [cmTC_fab63/fast] Error 2


Performing C SOURCE FILE Test CMAKE_HAVE_LIBC_PTHREAD failed with the following output:
Change Dir: /home/kira/projects/copter_hack/catkin_ws/build/CMakeFiles/CMakeTmp

Run Build Command(s):/usr/bin/make cmTC_9649e/fast && /usr/bin/make -f CMakeFiles/cmTC_9649e.dir/build.make CMakeFiles/cmTC_9649e.dir/build
make[1]: Entering directory '/home/kira/projects/copter_hack/catkin_ws/build/CMakeFiles/CMakeTmp'
Building C object CMakeFiles/cmTC_9649e.dir/src.c.o
/usr/bin/cc   -DCMAKE_HAVE_LIBC_PTHREAD   -o CMakeFiles/cmTC_9649e.dir/src.c.o   -c /home/kira/projects/copter_hack/catkin_ws/build/CMakeFiles/CMakeTmp/src.c
Linking C executable cmTC_9649e
/home/kira/.local/share/JetBrains/Toolbox/apps/CLion/ch-0/192.6817.18/bin/cmake/linux/bin/cmake -E cmake_link_script CMakeFiles/cmTC_9649e.dir/link.txt --verbose=1
/usr/bin/cc  -DCMAKE_HAVE_LIBC_PTHREAD    -rdynamic CMakeFiles/cmTC_9649e.dir/src.c.o  -o cmTC_9649e 
CMakeFiles/cmTC_9649e.dir/src.c.o: In function `main':
src.c:(.text+0x3c): undefined reference to `pthread_create'
src.c:(.text+0x48): undefined reference to `pthread_detach'
src.c:(.text+0x59): undefined reference to `pthread_join'
src.c:(.text+0x6d): undefined reference to `pthread_atfork'
collect2: error: ld returned 1 exit status
CMakeFiles/cmTC_9649e.dir/build.make:86: recipe for target 'cmTC_9649e' failed
make[1]: *** [cmTC_9649e] Error 1
make[1]: Leaving directory '/home/kira/projects/copter_hack/catkin_ws/build/CMakeFiles/CMakeTmp'
Makefile:121: recipe for target 'cmTC_9649e/fast' failed
make: *** [cmTC_9649e/fast] Error 2


Source file was:
#include <pthread.h>

void* test_func(void* data)
{
  return data;
}

int main(void)
{
  pthread_t thread;
  pthread_create(&thread, NULL, test_func, NULL);
  pthread_detach(thread);
  pthread_join(thread, NULL);
  pthread_atfork(NULL, NULL, NULL);
  pthread_exit(NULL);

  return 0;
}

Determining if the function pthread_create exists in the pthreads failed with the following output:
Change Dir: /home/kira/projects/copter_hack/catkin_ws/build/CMakeFiles/CMakeTmp

Run Build Command(s):/usr/bin/make cmTC_fa72f/fast && /usr/bin/make -f CMakeFiles/cmTC_fa72f.dir/build.make CMakeFiles/cmTC_fa72f.dir/build
make[1]: Entering directory '/home/kira/projects/copter_hack/catkin_ws/build/CMakeFiles/CMakeTmp'
Building C object CMakeFiles/cmTC_fa72f.dir/CheckFunctionExists.c.o
/usr/bin/cc   -DCHECK_FUNCTION_EXISTS=pthread_create   -o CMakeFiles/cmTC_fa72f.dir/CheckFunctionExists.c.o   -c /home/kira/.local/share/JetBrains/Toolbox/apps/CLion/ch-0/192.6817.18/bin/cmake/linux/share/cmake-3.15/Modules/CheckFunctionExists.c
Linking C executable cmTC_fa72f
/home/kira/.local/share/JetBrains/Toolbox/apps/CLion/ch-0/192.6817.18/bin/cmake/linux/bin/cmake -E cmake_link_script CMakeFiles/cmTC_fa72f.dir/link.txt --verbose=1
/usr/bin/cc  -DCHECK_FUNCTION_EXISTS=pthread_create    -rdynamic CMakeFiles/cmTC_fa72f.dir/CheckFunctionExists.c.o  -o cmTC_fa72f -lpthreads 
/usr/bin/ld: cannot find -lpthreads
collect2: error: ld returned 1 exit status
CMakeFiles/cmTC_fa72f.dir/build.make:86: recipe for target 'cmTC_fa72f' failed
make[1]: *** [cmTC_fa72f] Error 1
make[1]: Leaving directory '/home/kira/projects/copter_hack/catkin_ws/build/CMakeFiles/CMakeTmp'
Makefile:121: recipe for target 'cmTC_fa72f/fast' failed
make: *** [cmTC_fa72f/fast] Error 2



Performing C SOURCE FILE Test CMAKE_HAVE_LIBC_PTHREAD failed with the following output:
Change Dir: /home/kira/projects/copter_hack/catkin_ws/build/CMakeFiles/CMakeTmp

Run Build Command(s):/usr/bin/make cmTC_eb4b6/fast && /usr/bin/make -f CMakeFiles/cmTC_eb4b6.dir/build.make CMakeFiles/cmTC_eb4b6.dir/build
make[1]: Entering directory '/home/kira/projects/copter_hack/catkin_ws/build/CMakeFiles/CMakeTmp'
Building C object CMakeFiles/cmTC_eb4b6.dir/src.c.o
/usr/bin/cc   -DCMAKE_HAVE_LIBC_PTHREAD   -o CMakeFiles/cmTC_eb4b6.dir/src.c.o   -c /home/kira/projects/copter_hack/catkin_ws/build/CMakeFiles/CMakeTmp/src.c
Linking C executable cmTC_eb4b6
/home/kira/.local/share/JetBrains/Toolbox/apps/CLion/ch-0/192.6817.18/bin/cmake/linux/bin/cmake -E cmake_link_script CMakeFiles/cmTC_eb4b6.dir/link.txt --verbose=1
/usr/bin/cc  -DCMAKE_HAVE_LIBC_PTHREAD    -rdynamic CMakeFiles/cmTC_eb4b6.dir/src.c.o  -o cmTC_eb4b6 
CMakeFiles/cmTC_eb4b6.dir/src.c.o: In function `main':
src.c:(.text+0x3c): undefined reference to `pthread_create'
src.c:(.text+0x48): undefined reference to `pthread_detach'
src.c:(.text+0x59): undefined reference to `pthread_join'
src.c:(.text+0x6d): undefined reference to `pthread_atfork'
collect2: error: ld returned 1 exit status
CMakeFiles/cmTC_eb4b6.dir/build.make:86: recipe for target 'cmTC_eb4b6' failed
make[1]: *** [cmTC_eb4b6] Error 1
make[1]: Leaving directory '/home/kira/projects/copter_hack/catkin_ws/build/CMakeFiles/CMakeTmp'
Makefile:121: recipe for target 'cmTC_eb4b6/fast' failed
make: *** [cmTC_eb4b6/fast] Error 2


Source file was:
#include <pthread.h>

void* test_func(void* data)
{
  return data;
}

int main(void)
{
  pthread_t thread;
  pthread_create(&thread, NULL, test_func, NULL);
  pthread_detach(thread);
  pthread_join(thread, NULL);
  pthread_atfork(NULL, NULL, NULL);
  pthread_exit(NULL);

  return 0;
}

Determining if the function pthread_create exists in the pthreads failed with the following output:
Change Dir: /home/kira/projects/copter_hack/catkin_ws/build/CMakeFiles/CMakeTmp

Run Build Command(s):/usr/bin/make cmTC_8bede/fast && /usr/bin/make -f CMakeFiles/cmTC_8bede.dir/build.make CMakeFiles/cmTC_8bede.dir/build
make[1]: Entering directory '/home/kira/projects/copter_hack/catkin_ws/build/CMakeFiles/CMakeTmp'
Building C object CMakeFiles/cmTC_8bede.dir/CheckFunctionExists.c.o
/usr/bin/cc   -DCHECK_FUNCTION_EXISTS=pthread_create   -o CMakeFiles/cmTC_8bede.dir/CheckFunctionExists.c.o   -c /home/kira/.local/share/JetBrains/Toolbox/apps/CLion/ch-0/192.6817.18/bin/cmake/linux/share/cmake-3.15/Modules/CheckFunctionExists.c
Linking C executable cmTC_8bede
/home/kira/.local/share/JetBrains/Toolbox/apps/CLion/ch-0/192.6817.18/bin/cmake/linux/bin/cmake -E cmake_link_script CMakeFiles/cmTC_8bede.dir/link.txt --verbose=1
/usr/bin/cc  -DCHECK_FUNCTION_EXISTS=pthread_create    -rdynamic CMakeFiles/cmTC_8bede.dir/CheckFunctionExists.c.o  -o cmTC_8bede -lpthreads 
/usr/bin/ld: cannot find -lpthreads
collect2: error: ld returned 1 exit status
CMakeFiles/cmTC_8bede.dir/build.make:86: recipe for target 'cmTC_8bede' failed
make[1]: *** [cmTC_8bede] Error 1
make[1]: Leaving directory '/home/kira/projects/copter_hack/catkin_ws/build/CMakeFiles/CMakeTmp'
Makefile:121: recipe for target 'cmTC_8bede/fast' failed
make: *** [cmTC_8bede/fast] Error 2



